2025-10-09T12:00:01: Nenhum departamento com configuração IMAP encontrado
2025-10-09T12:00:06: Nenhum departamento com configuração IMAP encontrado
2025-10-09T12:00:11: Nenhum departamento com configuração IMAP encontrado
2025-10-09T12:00:16: Nenhum departamento com configuração IMAP encontrado
2025-10-09T12:00:21: Nenhum departamento com configuração IMAP encontrado
2025-10-09T12:00:26: Nenhum departamento com configuração IMAP encontrado
2025-10-09T12:00:30: Nenhum departamento com configuração IMAP encontrado
2025-10-09T12:00:35: Nenhum departamento com configuração IMAP encontrado
2025-10-09T12:00:40: Nenhum departamento com configuração IMAP encontrado
2025-10-09T17:59:58: Nenhum departamento com configuração IMAP encontrado
2025-10-09T18:00:03: Nenhum departamento com configuração IMAP encontrado
2025-10-09T18:00:08: Nenhum departamento com configuração IMAP encontrado
2025-10-09T18:00:13: Nenhum departamento com configuração IMAP encontrado
2025-10-09T18:00:18: Nenhum departamento com configuração IMAP encontrado
2025-10-09T18:00:23: Nenhum departamento com configuração IMAP encontrado
2025-10-09T18:00:27: Nenhum departamento com configuração IMAP encontrado
2025-10-09T18:00:32: Nenhum departamento com configuração IMAP encontrado
2025-10-09T18:00:37: Nenhum departamento com configuração IMAP encontrado
2025-10-09T18:00:42: Nenhum departamento com configuração IMAP encontrado
2025-10-09T18:00:47: Nenhum departamento com configuração IMAP encontrado
2025-10-09T23:59:57: Nenhum departamento com configuração IMAP encontrado
2025-10-10T00:00:02: Nenhum departamento com configuração IMAP encontrado
2025-10-10T00:00:07: Nenhum departamento com configuração IMAP encontrado
2025-10-10T00:00:12: Nenhum departamento com configuração IMAP encontrado
2025-10-10T00:00:17: Nenhum departamento com configuração IMAP encontrado
2025-10-10T00:00:22: Nenhum departamento com configuração IMAP encontrado
2025-10-10T00:00:27: Nenhum departamento com configuração IMAP encontrado
2025-10-10T00:00:32: Nenhum departamento com configuração IMAP encontrado
2025-10-10T00:00:37: Nenhum departamento com configuração IMAP encontrado
2025-10-10T00:00:41: Nenhum departamento com configuração IMAP encontrado
2025-10-10T00:00:46: Nenhum departamento com configuração IMAP encontrado
2025-10-10T05:59:58: Nenhum departamento com configuração IMAP encontrado
2025-10-10T06:00:02: Nenhum departamento com configuração IMAP encontrado
2025-10-10T06:00:07: Nenhum departamento com configuração IMAP encontrado
2025-10-10T06:00:12: Nenhum departamento com configuração IMAP encontrado
2025-10-10T06:00:17: Nenhum departamento com configuração IMAP encontrado
2025-10-10T06:00:22: Nenhum departamento com configuração IMAP encontrado
2025-10-10T06:00:27: Nenhum departamento com configuração IMAP encontrado
2025-10-10T06:00:32: Nenhum departamento com configuração IMAP encontrado
2025-10-10T06:00:37: Nenhum departamento com configuração IMAP encontrado
2025-10-10T06:00:41: Nenhum departamento com configuração IMAP encontrado
2025-10-10T06:00:46: Nenhum departamento com configuração IMAP encontrado
2025-10-10T11:59:58: Nenhum departamento com configuração IMAP encontrado
2025-10-10T11:59:58: npm notice
2025-10-10T11:59:58: npm notice New major version of npm available! 10.8.2 -> 11.6.2
2025-10-10T11:59:58: npm notice Changelog: https://github.com/npm/cli/releases/tag/v11.6.2
2025-10-10T11:59:58: npm notice To update run: npm install -g npm@11.6.2
2025-10-10T11:59:58: npm notice
2025-10-10T12:00:03: Nenhum departamento com configuração IMAP encontrado
2025-10-10T12:00:08: Nenhum departamento com configuração IMAP encontrado
2025-10-10T12:00:13: Nenhum departamento com configuração IMAP encontrado
2025-10-10T12:00:18: Nenhum departamento com configuração IMAP encontrado
2025-10-10T12:00:23: Nenhum departamento com configuração IMAP encontrado
2025-10-10T12:00:28: Nenhum departamento com configuração IMAP encontrado
2025-10-10T12:00:33: Nenhum departamento com configuração IMAP encontrado
2025-10-10T12:00:38: Nenhum departamento com configuração IMAP encontrado
2025-10-10T12:00:43: Nenhum departamento com configuração IMAP encontrado
2025-10-10T12:00:48: Nenhum departamento com configuração IMAP encontrado
2025-10-10T17:59:59: Nenhum departamento com configuração IMAP encontrado
2025-10-10T18:00:04: Nenhum departamento com configuração IMAP encontrado
2025-10-10T18:00:08: Nenhum departamento com configuração IMAP encontrado
2025-10-10T18:00:13: Nenhum departamento com configuração IMAP encontrado
2025-10-10T18:00:18: Nenhum departamento com configuração IMAP encontrado
2025-10-10T18:00:23: Nenhum departamento com configuração IMAP encontrado
2025-10-10T18:00:28: Nenhum departamento com configuração IMAP encontrado
2025-10-10T18:00:33: Nenhum departamento com configuração IMAP encontrado
2025-10-10T18:00:38: Nenhum departamento com configuração IMAP encontrado
2025-10-10T18:00:43: Nenhum departamento com configuração IMAP encontrado
2025-10-10T18:00:48: Nenhum departamento com configuração IMAP encontrado
2025-10-11T00:00:01: Nenhum departamento com configuração IMAP encontrado
2025-10-11T00:00:06: Nenhum departamento com configuração IMAP encontrado
2025-10-11T00:00:11: Nenhum departamento com configuração IMAP encontrado
2025-10-11T00:00:16: Nenhum departamento com configuração IMAP encontrado
2025-10-11T00:00:21: Nenhum departamento com configuração IMAP encontrado
2025-10-11T00:00:26: Nenhum departamento com configuração IMAP encontrado
2025-10-11T00:00:31: Nenhum departamento com configuração IMAP encontrado
2025-10-11T00:00:36: Nenhum departamento com configuração IMAP encontrado
2025-10-11T00:00:41: Nenhum departamento com configuração IMAP encontrado
2025-10-11T00:00:46: Nenhum departamento com configuração IMAP encontrado
2025-10-11T05:59:58: Nenhum departamento com configuração IMAP encontrado
2025-10-11T06:00:03: Nenhum departamento com configuração IMAP encontrado
2025-10-11T06:00:08: Nenhum departamento com configuração IMAP encontrado
2025-10-11T06:00:13: Nenhum departamento com configuração IMAP encontrado
2025-10-11T06:00:18: Nenhum departamento com configuração IMAP encontrado
2025-10-11T06:00:23: Nenhum departamento com configuração IMAP encontrado
2025-10-11T06:00:28: Nenhum departamento com configuração IMAP encontrado
2025-10-11T06:00:33: Nenhum departamento com configuração IMAP encontrado
2025-10-11T06:00:37: Nenhum departamento com configuração IMAP encontrado
2025-10-11T06:00:42: Nenhum departamento com configuração IMAP encontrado
2025-10-11T06:00:47: Nenhum departamento com configuração IMAP encontrado
2025-10-11T11:59:59: Nenhum departamento com configuração IMAP encontrado
2025-10-11T12:00:03: Nenhum departamento com configuração IMAP encontrado
2025-10-11T12:00:08: Nenhum departamento com configuração IMAP encontrado
2025-10-11T12:00:13: Nenhum departamento com configuração IMAP encontrado
2025-10-11T12:00:18: Nenhum departamento com configuração IMAP encontrado
2025-10-11T12:00:23: Nenhum departamento com configuração IMAP encontrado
2025-10-11T12:00:28: Nenhum departamento com configuração IMAP encontrado
2025-10-11T12:00:33: Nenhum departamento com configuração IMAP encontrado
2025-10-11T12:00:38: Nenhum departamento com configuração IMAP encontrado
2025-10-11T12:00:43: Nenhum departamento com configuração IMAP encontrado
2025-10-11T12:00:48: Nenhum departamento com configuração IMAP encontrado
2025-10-11T17:59:59: Nenhum departamento com configuração IMAP encontrado
2025-10-11T18:00:04: Nenhum departamento com configuração IMAP encontrado
2025-10-11T18:00:09: Nenhum departamento com configuração IMAP encontrado
2025-10-11T18:00:14: Nenhum departamento com configuração IMAP encontrado
2025-10-11T18:00:18: Nenhum departamento com configuração IMAP encontrado
2025-10-11T18:00:23: Nenhum departamento com configuração IMAP encontrado
2025-10-11T18:00:28: Nenhum departamento com configuração IMAP encontrado
2025-10-11T18:00:33: Nenhum departamento com configuração IMAP encontrado
2025-10-11T18:00:38: Nenhum departamento com configuração IMAP encontrado
2025-10-11T18:00:43: Nenhum departamento com configuração IMAP encontrado
2025-10-11T18:00:48: Nenhum departamento com configuração IMAP encontrado
