2025-09-11T17:29:40: Uncaught Exception: Error: Socket timeout
2025-09-11T17:29:40:     at TLSSocket._socketTimeout (/app/node_modules/imapflow/lib/imap-flow.js:789:29)
2025-09-11T17:29:40:     at TLSSocket.emit (node:events:524:28)
2025-09-11T17:29:40:     at Socket._onTimeout (node:net:595:8)
2025-09-11T17:29:40:     at listOnTimeout (node:internal/timers:581:17)
2025-09-11T17:29:40:     at process.processTimers (node:internal/timers:519:7) {
2025-09-11T17:29:40:   code: 'ETIMEOUT',
2025-09-11T17:29:40:   _connId: 'chwy5g4vt2n9p6rkctug'
2025-09-11T17:29:40: }
2025-09-11T17:29:40: Erro ao processar emails de Suporte ti: Error: Connection not available
2025-09-11T17:29:40:     at ImapFlow.run (/app/node_modules/imapflow/lib/imap-flow.js:3216:27)
2025-09-11T17:29:40:     at ImapFlow.mailboxOpen (/app/node_modules/imapflow/lib/imap-flow.js:2004:27)
2025-09-11T17:29:40:     at ConsolidatedHelpdeskWorker.processDepartmentEmails (/app/src/lib/helpdesk/consolidated-helpdesk-worker.ts:209:24)
2025-09-11T17:29:40:     at processTicksAndRejections (node:internal/process/task_queues:95:5)
2025-09-11T17:29:40:     at runNextTicks (node:internal/process/task_queues:64:3)
2025-09-11T17:29:40:     at process.processImmediate (node:internal/timers:454:9)
2025-09-11T17:29:40:     at async ConsolidatedHelpdeskWorker.processAllDepartments (/app/src/lib/helpdesk/consolidated-helpdesk-worker.ts:178:11)
2025-09-11T17:29:40:     at async Timeout.<anonymous> (/app/src/lib/helpdesk/consolidated-helpdesk-worker.ts:117:9) {
2025-09-11T17:29:40:   code: 'NoConnection'
2025-09-11T17:29:40: }
2025-09-11T17:29:40: Erro de conexão para departamento cmfee6p230001o0of71xpsksd: Error: Connection not available
2025-09-11T17:29:40:     at ImapFlow.run (/app/node_modules/imapflow/lib/imap-flow.js:3216:27)
2025-09-11T17:29:40:     at ImapFlow.mailboxOpen (/app/node_modules/imapflow/lib/imap-flow.js:2004:27)
2025-09-11T17:29:40:     at ConsolidatedHelpdeskWorker.processDepartmentEmails (/app/src/lib/helpdesk/consolidated-helpdesk-worker.ts:209:24)
2025-09-11T17:29:40:     at processTicksAndRejections (node:internal/process/task_queues:95:5)
2025-09-11T17:29:40:     at runNextTicks (node:internal/process/task_queues:64:3)
2025-09-11T17:29:40:     at process.processImmediate (node:internal/timers:454:9)
2025-09-11T17:29:40:     at async ConsolidatedHelpdeskWorker.processAllDepartments (/app/src/lib/helpdesk/consolidated-helpdesk-worker.ts:178:11)
2025-09-11T17:29:40:     at async Timeout.<anonymous> (/app/src/lib/helpdesk/consolidated-helpdesk-worker.ts:117:9) {
2025-09-11T17:29:40:   code: 'NoConnection'
2025-09-11T17:29:40: }
2025-09-11T17:29:40: Erro ao processar emails de Suporte ti: Error: Connection not available
2025-09-11T17:29:40:     at ImapFlow.run (/app/node_modules/imapflow/lib/imap-flow.js:3216:27)
2025-09-11T17:29:40:     at ImapFlow.mailboxOpen (/app/node_modules/imapflow/lib/imap-flow.js:2004:27)
2025-09-11T17:29:40:     at ConsolidatedHelpdeskWorker.processDepartmentEmails (/app/src/lib/helpdesk/consolidated-helpdesk-worker.ts:209:24)
2025-09-11T17:29:40:     at processTicksAndRejections (node:internal/process/task_queues:95:5)
2025-09-11T17:29:40:     at runNextTicks (node:internal/process/task_queues:64:3)
2025-09-11T17:29:40:     at process.processImmediate (node:internal/timers:454:9)
2025-09-11T17:29:40:     at async ConsolidatedHelpdeskWorker.processAllDepartments (/app/src/lib/helpdesk/consolidated-helpdesk-worker.ts:178:11)
2025-09-11T17:29:40:     at async Timeout.<anonymous> (/app/src/lib/helpdesk/consolidated-helpdesk-worker.ts:117:9) {
2025-09-11T17:29:40:   code: 'NoConnection'
2025-09-11T17:29:40: }
2025-09-11T17:29:40: Erro de conexão para departamento cmfee6p230001o0of71xpsksd: Error: Connection not available
2025-09-11T17:29:40:     at ImapFlow.run (/app/node_modules/imapflow/lib/imap-flow.js:3216:27)
2025-09-11T17:29:40:     at ImapFlow.mailboxOpen (/app/node_modules/imapflow/lib/imap-flow.js:2004:27)
2025-09-11T17:29:40:     at ConsolidatedHelpdeskWorker.processDepartmentEmails (/app/src/lib/helpdesk/consolidated-helpdesk-worker.ts:209:24)
2025-09-11T17:29:40:     at processTicksAndRejections (node:internal/process/task_queues:95:5)
2025-09-11T17:29:40:     at runNextTicks (node:internal/process/task_queues:64:3)
2025-09-11T17:29:40:     at process.processImmediate (node:internal/timers:454:9)
2025-09-11T17:29:40:     at async ConsolidatedHelpdeskWorker.processAllDepartments (/app/src/lib/helpdesk/consolidated-helpdesk-worker.ts:178:11)
2025-09-11T17:29:40:     at async Timeout.<anonymous> (/app/src/lib/helpdesk/consolidated-helpdesk-worker.ts:117:9) {
2025-09-11T17:29:40:   code: 'NoConnection'
2025-09-11T17:29:40: }
2025-09-11T17:29:40: Erro ao processar emails de Suporte ti: Error: Connection not available
2025-09-11T17:29:40:     at ImapFlow.run (/app/node_modules/imapflow/lib/imap-flow.js:3216:27)
2025-09-11T17:29:40:     at ImapFlow.mailboxOpen (/app/node_modules/imapflow/lib/imap-flow.js:2004:27)
2025-09-11T17:29:40:     at ConsolidatedHelpdeskWorker.processDepartmentEmails (/app/src/lib/helpdesk/consolidated-helpdesk-worker.ts:209:24)
2025-09-11T17:29:40:     at processTicksAndRejections (node:internal/process/task_queues:95:5)
2025-09-11T17:29:40:     at runNextTicks (node:internal/process/task_queues:64:3)
2025-09-11T17:29:40:     at process.processImmediate (node:internal/timers:454:9)
2025-09-11T17:29:40:     at async ConsolidatedHelpdeskWorker.processAllDepartments (/app/src/lib/helpdesk/consolidated-helpdesk-worker.ts:178:11)
2025-09-11T17:29:40:     at async Timeout.<anonymous> (/app/src/lib/helpdesk/consolidated-helpdesk-worker.ts:117:9) {
2025-09-11T17:29:40:   code: 'NoConnection'
2025-09-11T17:29:40: }
2025-09-11T17:29:40: Erro de conexão para departamento cmfee6p230001o0of71xpsksd: Error: Connection not available
2025-09-11T17:29:40:     at ImapFlow.run (/app/node_modules/imapflow/lib/imap-flow.js:3216:27)
2025-09-11T17:29:40:     at ImapFlow.mailboxOpen (/app/node_modules/imapflow/lib/imap-flow.js:2004:27)
2025-09-11T17:29:40:     at ConsolidatedHelpdeskWorker.processDepartmentEmails (/app/src/lib/helpdesk/consolidated-helpdesk-worker.ts:209:24)
2025-09-11T17:29:40:     at processTicksAndRejections (node:internal/process/task_queues:95:5)
2025-09-11T17:29:40:     at runNextTicks (node:internal/process/task_queues:64:3)
2025-09-11T17:29:40:     at process.processImmediate (node:internal/timers:454:9)
2025-09-11T17:29:40:     at async ConsolidatedHelpdeskWorker.processAllDepartments (/app/src/lib/helpdesk/consolidated-helpdesk-worker.ts:178:11)
2025-09-11T17:29:40:     at async Timeout.<anonymous> (/app/src/lib/helpdesk/consolidated-helpdesk-worker.ts:117:9) {
2025-09-11T17:29:40:   code: 'NoConnection'
2025-09-11T17:29:40: }
2025-09-11T17:29:40: Erro ao processar emails de Suporte ti: Error: Connection not available
2025-09-11T17:29:40:     at ImapFlow.run (/app/node_modules/imapflow/lib/imap-flow.js:3216:27)
2025-09-11T17:29:40:     at ImapFlow.mailboxOpen (/app/node_modules/imapflow/lib/imap-flow.js:2004:27)
2025-09-11T17:29:40:     at ConsolidatedHelpdeskWorker.processDepartmentEmails (/app/src/lib/helpdesk/consolidated-helpdesk-worker.ts:209:24)
2025-09-11T17:29:40:     at processTicksAndRejections (node:internal/process/task_queues:95:5)
2025-09-11T17:29:40:     at runNextTicks (node:internal/process/task_queues:64:3)
2025-09-11T17:29:40:     at process.processImmediate (node:internal/timers:454:9)
2025-09-11T17:29:40:     at async ConsolidatedHelpdeskWorker.processAllDepartments (/app/src/lib/helpdesk/consolidated-helpdesk-worker.ts:178:11)
2025-09-11T17:29:40:     at async Timeout.<anonymous> (/app/src/lib/helpdesk/consolidated-helpdesk-worker.ts:117:9) {
2025-09-11T17:29:40:   code: 'NoConnection'
2025-09-11T17:29:40: }
2025-09-11T17:29:40: Erro de conexão para departamento cmfee6p230001o0of71xpsksd: Error: Connection not available
2025-09-11T17:29:40:     at ImapFlow.run (/app/node_modules/imapflow/lib/imap-flow.js:3216:27)
2025-09-11T17:29:40:     at ImapFlow.mailboxOpen (/app/node_modules/imapflow/lib/imap-flow.js:2004:27)
2025-09-11T17:29:40:     at ConsolidatedHelpdeskWorker.processDepartmentEmails (/app/src/lib/helpdesk/consolidated-helpdesk-worker.ts:209:24)
2025-09-11T17:29:40:     at processTicksAndRejections (node:internal/process/task_queues:95:5)
2025-09-11T17:29:40:     at runNextTicks (node:internal/process/task_queues:64:3)
2025-09-11T17:29:40:     at process.processImmediate (node:internal/timers:454:9)
2025-09-11T17:29:40:     at async ConsolidatedHelpdeskWorker.processAllDepartments (/app/src/lib/helpdesk/consolidated-helpdesk-worker.ts:178:11)
2025-09-11T17:29:40:     at async Timeout.<anonymous> (/app/src/lib/helpdesk/consolidated-helpdesk-worker.ts:117:9) {
2025-09-11T17:29:40:   code: 'NoConnection'
2025-09-11T17:29:40: }
2025-09-11T17:29:40: Erro ao processar emails de Suporte ti: Error: Connection not available
2025-09-11T17:29:40:     at ImapFlow.run (/app/node_modules/imapflow/lib/imap-flow.js:3216:27)
2025-09-11T17:29:40:     at ImapFlow.mailboxOpen (/app/node_modules/imapflow/lib/imap-flow.js:2004:27)
2025-09-11T17:29:40:     at ConsolidatedHelpdeskWorker.processDepartmentEmails (/app/src/lib/helpdesk/consolidated-helpdesk-worker.ts:209:24)
2025-09-11T17:29:40:     at processTicksAndRejections (node:internal/process/task_queues:95:5)
2025-09-11T17:29:40:     at runNextTicks (node:internal/process/task_queues:64:3)
2025-09-11T17:29:40:     at process.processImmediate (node:internal/timers:454:9)
2025-09-11T17:29:40:     at async ConsolidatedHelpdeskWorker.processAllDepartments (/app/src/lib/helpdesk/consolidated-helpdesk-worker.ts:178:11)
2025-09-11T17:29:40:     at async Timeout.<anonymous> (/app/src/lib/helpdesk/consolidated-helpdesk-worker.ts:117:9) {
2025-09-11T17:29:40:   code: 'NoConnection'
2025-09-11T17:29:40: }
2025-09-11T17:29:40: Erro de conexão para departamento cmfee6p230001o0of71xpsksd: Error: Connection not available
2025-09-11T17:29:40:     at ImapFlow.run (/app/node_modules/imapflow/lib/imap-flow.js:3216:27)
2025-09-11T17:29:40:     at ImapFlow.mailboxOpen (/app/node_modules/imapflow/lib/imap-flow.js:2004:27)
2025-09-11T17:29:40:     at ConsolidatedHelpdeskWorker.processDepartmentEmails (/app/src/lib/helpdesk/consolidated-helpdesk-worker.ts:209:24)
2025-09-11T17:29:40:     at processTicksAndRejections (node:internal/process/task_queues:95:5)
2025-09-11T17:29:40:     at runNextTicks (node:internal/process/task_queues:64:3)
2025-09-11T17:29:40:     at process.processImmediate (node:internal/timers:454:9)
2025-09-11T17:29:40:     at async ConsolidatedHelpdeskWorker.processAllDepartments (/app/src/lib/helpdesk/consolidated-helpdesk-worker.ts:178:11)
2025-09-11T17:29:40:     at async Timeout.<anonymous> (/app/src/lib/helpdesk/consolidated-helpdesk-worker.ts:117:9) {
2025-09-11T17:29:40:   code: 'NoConnection'
2025-09-11T17:29:40: }
