2025-10-09T12:00:01: === Iniciando Webmail Worker ===
2025-10-09T12:00:01: Timestamp: 2025-10-09T15:00:01.193Z
2025-10-09T12:00:01: Processo PID: 31978
2025-10-09T12:00:01: [Worker Monitor] Sistema de monitoramento inicializado
2025-10-09T12:00:01: Monitor de sincronização inicializado
2025-10-09T12:00:01: Inicializando sincronização automática de e-mail...
2025-10-09T12:00:01: prisma:query SELECT 1
2025-10-09T12:00:01: Conexão com banco de dados verificada
2025-10-09T12:00:01: prisma:query SELECT "public"."email_configs"."id", "public"."email_configs"."imapHost", "public"."email_configs"."imapPort", "public"."email_configs"."imapSecure", "public"."email_configs"."smtpHost", "public"."email_configs"."smtpPort", "public"."email_configs"."smtpSecure", "public"."email_configs"."email", "public"."email_configs"."password", "public"."email_configs"."syncEnabled", "public"."email_configs"."syncInterval", "public"."email_configs"."lastSync", "public"."email_configs"."ativo", "public"."email_configs"."createdAt", "public"."email_configs"."updatedAt", "public"."email_configs"."colaboradorId" FROM "public"."email_configs" WHERE ("public"."email_configs"."ativo" = $1 AND "public"."email_configs"."syncEnabled" = $2) OFFSET $3
2025-10-09T12:00:01: Nenhuma configuração de e-mail ativa encontrada. Sincronização não iniciada.
2025-10-09T12:00:01: Sincronização automática inicializada
2025-10-09T12:00:01: === Status do Webmail Worker ===
2025-10-09T12:00:01: Timestamp: 2025-10-09T15:00:01.314Z
2025-10-09T12:00:01: Jobs ativos: 0
2025-10-09T12:00:01: Intervalo de sincronização: 30000ms
2025-10-09T12:00:01: Sincronização global habilitada: true
2025-10-09T12:00:01: Configurações ativas: Nenhuma
2025-10-09T12:00:01: ================================
2025-10-09T12:00:01: Webmail worker iniciado com sucesso
2025-10-09T12:00:01: Worker rodando em background...
2025-10-09T12:05:01: === Status do Webmail Worker ===
2025-10-09T12:05:01: Timestamp: 2025-10-09T15:05:01.385Z
2025-10-09T12:05:01: Jobs ativos: 0
2025-10-09T12:05:01: Intervalo de sincronização: 30000ms
2025-10-09T12:05:01: Sincronização global habilitada: true
2025-10-09T12:05:01: Configurações ativas: Nenhuma
2025-10-09T12:05:01: ================================
2025-10-09T12:10:01: === Status do Webmail Worker ===
2025-10-09T12:10:01: Timestamp: 2025-10-09T15:10:01.444Z
2025-10-09T12:10:01: Jobs ativos: 0
2025-10-09T12:10:01: Intervalo de sincronização: 30000ms
2025-10-09T12:10:01: Sincronização global habilitada: true
2025-10-09T12:10:01: Configurações ativas: Nenhuma
2025-10-09T12:10:01: ================================
2025-10-09T12:15:01: === Status do Webmail Worker ===
2025-10-09T12:15:01: Timestamp: 2025-10-09T15:15:01.447Z
2025-10-09T12:15:01: Jobs ativos: 0
2025-10-09T12:15:01: Intervalo de sincronização: 30000ms
2025-10-09T12:15:01: Sincronização global habilitada: true
2025-10-09T12:15:01: Configurações ativas: Nenhuma
2025-10-09T12:15:01: ================================
2025-10-09T12:20:01: === Status do Webmail Worker ===
2025-10-09T12:20:01: Timestamp: 2025-10-09T15:20:01.375Z
2025-10-09T12:20:01: Jobs ativos: 0
2025-10-09T12:20:01: Intervalo de sincronização: 30000ms
2025-10-09T12:20:01: Sincronização global habilitada: true
2025-10-09T12:20:01: Configurações ativas: Nenhuma
2025-10-09T12:20:01: ================================
2025-10-09T12:25:01: === Status do Webmail Worker ===
2025-10-09T12:25:01: Timestamp: 2025-10-09T15:25:01.373Z
2025-10-09T12:25:01: Jobs ativos: 0
2025-10-09T12:25:01: Intervalo de sincronização: 30000ms
2025-10-09T12:25:01: Sincronização global habilitada: true
2025-10-09T12:25:01: Configurações ativas: Nenhuma
2025-10-09T12:25:01: ================================
2025-10-09T12:30:01: === Status do Webmail Worker ===
2025-10-09T12:30:01: Timestamp: 2025-10-09T15:30:01.351Z
2025-10-09T12:30:01: Jobs ativos: 0
2025-10-09T12:30:01: Intervalo de sincronização: 30000ms
2025-10-09T12:30:01: Sincronização global habilitada: true
2025-10-09T12:30:01: Configurações ativas: Nenhuma
2025-10-09T12:30:01: ================================
2025-10-09T12:35:01: === Status do Webmail Worker ===
2025-10-09T12:35:01: Timestamp: 2025-10-09T15:35:01.421Z
2025-10-09T12:35:01: Jobs ativos: 0
2025-10-09T12:35:01: Intervalo de sincronização: 30000ms
2025-10-09T12:35:01: Sincronização global habilitada: true
2025-10-09T12:35:01: Configurações ativas: Nenhuma
2025-10-09T12:35:01: ================================
2025-10-09T12:40:01: === Status do Webmail Worker ===
2025-10-09T12:40:01: Timestamp: 2025-10-09T15:40:01.405Z
2025-10-09T12:40:01: Jobs ativos: 0
2025-10-09T12:40:01: Intervalo de sincronização: 30000ms
2025-10-09T12:40:01: Sincronização global habilitada: true
2025-10-09T12:40:01: Configurações ativas: Nenhuma
2025-10-09T12:40:01: ================================
2025-10-09T12:45:01: === Status do Webmail Worker ===
2025-10-09T12:45:01: Timestamp: 2025-10-09T15:45:01.435Z
2025-10-09T12:45:01: Jobs ativos: 0
2025-10-09T12:45:01: Intervalo de sincronização: 30000ms
2025-10-09T12:45:01: Sincronização global habilitada: true
2025-10-09T12:45:01: Configurações ativas: Nenhuma
2025-10-09T12:45:01: ================================
2025-10-09T12:50:01: === Status do Webmail Worker ===
2025-10-09T12:50:01: Timestamp: 2025-10-09T15:50:01.514Z
2025-10-09T12:50:01: Jobs ativos: 0
2025-10-09T12:50:01: Intervalo de sincronização: 30000ms
2025-10-09T12:50:01: Sincronização global habilitada: true
2025-10-09T12:50:01: Configurações ativas: Nenhuma
2025-10-09T12:50:01: ================================
2025-10-09T12:55:01: === Status do Webmail Worker ===
2025-10-09T12:55:01: Timestamp: 2025-10-09T15:55:01.548Z
2025-10-09T12:55:01: Jobs ativos: 0
2025-10-09T12:55:01: Intervalo de sincronização: 30000ms
2025-10-09T12:55:01: Sincronização global habilitada: true
2025-10-09T12:55:01: Configurações ativas: Nenhuma
2025-10-09T12:55:01: ================================
2025-10-09T13:00:01: === Status do Webmail Worker ===
2025-10-09T13:00:01: Timestamp: 2025-10-09T16:00:01.626Z
2025-10-09T13:00:01: Jobs ativos: 0
2025-10-09T13:00:01: Intervalo de sincronização: 30000ms
2025-10-09T13:00:01: Sincronização global habilitada: true
2025-10-09T13:00:01: Configurações ativas: Nenhuma
2025-10-09T13:00:01: ================================
2025-10-09T13:05:01: === Status do Webmail Worker ===
2025-10-09T13:05:01: Timestamp: 2025-10-09T16:05:01.701Z
2025-10-09T13:05:01: Jobs ativos: 0
2025-10-09T13:05:01: Intervalo de sincronização: 30000ms
2025-10-09T13:05:01: Sincronização global habilitada: true
2025-10-09T13:05:01: Configurações ativas: Nenhuma
2025-10-09T13:05:01: ================================
2025-10-09T13:10:01: === Status do Webmail Worker ===
2025-10-09T13:10:01: Timestamp: 2025-10-09T16:10:01.751Z
2025-10-09T13:10:01: Jobs ativos: 0
2025-10-09T13:10:01: Intervalo de sincronização: 30000ms
2025-10-09T13:10:01: Sincronização global habilitada: true
2025-10-09T13:10:01: Configurações ativas: Nenhuma
2025-10-09T13:10:01: ================================
2025-10-09T13:15:01: === Status do Webmail Worker ===
2025-10-09T13:15:01: Timestamp: 2025-10-09T16:15:01.829Z
2025-10-09T13:15:01: Jobs ativos: 0
2025-10-09T13:15:01: Intervalo de sincronização: 30000ms
2025-10-09T13:15:01: Sincronização global habilitada: true
2025-10-09T13:15:01: Configurações ativas: Nenhuma
2025-10-09T13:15:01: ================================
2025-10-09T13:20:01: === Status do Webmail Worker ===
2025-10-09T13:20:01: Timestamp: 2025-10-09T16:20:01.908Z
2025-10-09T13:20:01: Jobs ativos: 0
2025-10-09T13:20:01: Intervalo de sincronização: 30000ms
2025-10-09T13:20:01: Sincronização global habilitada: true
2025-10-09T13:20:01: Configurações ativas: Nenhuma
2025-10-09T13:20:01: ================================
2025-10-09T13:25:01: === Status do Webmail Worker ===
2025-10-09T13:25:01: Timestamp: 2025-10-09T16:25:01.956Z
2025-10-09T13:25:01: Jobs ativos: 0
2025-10-09T13:25:01: Intervalo de sincronização: 30000ms
2025-10-09T13:25:01: Sincronização global habilitada: true
2025-10-09T13:25:01: Configurações ativas: Nenhuma
2025-10-09T13:25:01: ================================
2025-10-09T13:30:01: === Status do Webmail Worker ===
2025-10-09T13:30:01: Timestamp: 2025-10-09T16:30:01.982Z
2025-10-09T13:30:01: Jobs ativos: 0
2025-10-09T13:30:01: Intervalo de sincronização: 30000ms
2025-10-09T13:30:01: Sincronização global habilitada: true
2025-10-09T13:30:01: Configurações ativas: Nenhuma
2025-10-09T13:30:01: ================================
2025-10-09T13:35:02: === Status do Webmail Worker ===
2025-10-09T13:35:02: Timestamp: 2025-10-09T16:35:02.061Z
2025-10-09T13:35:02: Jobs ativos: 0
2025-10-09T13:35:02: Intervalo de sincronização: 30000ms
2025-10-09T13:35:02: Sincronização global habilitada: true
2025-10-09T13:35:02: Configurações ativas: Nenhuma
2025-10-09T13:35:02: ================================
2025-10-09T13:40:02: === Status do Webmail Worker ===
2025-10-09T13:40:02: Timestamp: 2025-10-09T16:40:02.133Z
2025-10-09T13:40:02: Jobs ativos: 0
2025-10-09T13:40:02: Intervalo de sincronização: 30000ms
2025-10-09T13:40:02: Sincronização global habilitada: true
2025-10-09T13:40:02: Configurações ativas: Nenhuma
2025-10-09T13:40:02: ================================
2025-10-09T13:45:02: === Status do Webmail Worker ===
2025-10-09T13:45:02: Timestamp: 2025-10-09T16:45:02.211Z
2025-10-09T13:45:02: Jobs ativos: 0
2025-10-09T13:45:02: Intervalo de sincronização: 30000ms
2025-10-09T13:45:02: Sincronização global habilitada: true
2025-10-09T13:45:02: Configurações ativas: Nenhuma
2025-10-09T13:45:02: ================================
2025-10-09T13:50:02: === Status do Webmail Worker ===
2025-10-09T13:50:02: Timestamp: 2025-10-09T16:50:02.199Z
2025-10-09T13:50:02: Jobs ativos: 0
2025-10-09T13:50:02: Intervalo de sincronização: 30000ms
2025-10-09T13:50:02: Sincronização global habilitada: true
2025-10-09T13:50:02: Configurações ativas: Nenhuma
2025-10-09T13:50:02: ================================
2025-10-09T13:55:02: === Status do Webmail Worker ===
2025-10-09T13:55:02: Timestamp: 2025-10-09T16:55:02.275Z
2025-10-09T13:55:02: Jobs ativos: 0
2025-10-09T13:55:02: Intervalo de sincronização: 30000ms
2025-10-09T13:55:02: Sincronização global habilitada: true
2025-10-09T13:55:02: Configurações ativas: Nenhuma
2025-10-09T13:55:02: ================================
2025-10-09T14:00:02: === Status do Webmail Worker ===
2025-10-09T14:00:02: Timestamp: 2025-10-09T17:00:02.360Z
2025-10-09T14:00:02: Jobs ativos: 0
2025-10-09T14:00:02: Intervalo de sincronização: 30000ms
2025-10-09T14:00:02: Sincronização global habilitada: true
2025-10-09T14:00:02: Configurações ativas: Nenhuma
2025-10-09T14:00:02: ================================
2025-10-09T14:05:02: === Status do Webmail Worker ===
2025-10-09T14:05:02: Timestamp: 2025-10-09T17:05:02.443Z
2025-10-09T14:05:02: Jobs ativos: 0
2025-10-09T14:05:02: Intervalo de sincronização: 30000ms
2025-10-09T14:05:02: Sincronização global habilitada: true
2025-10-09T14:05:02: Configurações ativas: Nenhuma
2025-10-09T14:05:02: ================================
2025-10-09T14:10:02: === Status do Webmail Worker ===
2025-10-09T14:10:02: Timestamp: 2025-10-09T17:10:02.511Z
2025-10-09T14:10:02: Jobs ativos: 0
2025-10-09T14:10:02: Intervalo de sincronização: 30000ms
2025-10-09T14:10:02: Sincronização global habilitada: true
2025-10-09T14:10:02: Configurações ativas: Nenhuma
2025-10-09T14:10:02: ================================
2025-10-09T14:15:02: === Status do Webmail Worker ===
2025-10-09T14:15:02: Timestamp: 2025-10-09T17:15:02.582Z
2025-10-09T14:15:02: Jobs ativos: 0
2025-10-09T14:15:02: Intervalo de sincronização: 30000ms
2025-10-09T14:15:02: Sincronização global habilitada: true
2025-10-09T14:15:02: Configurações ativas: Nenhuma
2025-10-09T14:15:02: ================================
2025-10-09T14:20:02: === Status do Webmail Worker ===
2025-10-09T14:20:02: Timestamp: 2025-10-09T17:20:02.669Z
2025-10-09T14:20:02: Jobs ativos: 0
2025-10-09T14:20:02: Intervalo de sincronização: 30000ms
2025-10-09T14:20:02: Sincronização global habilitada: true
2025-10-09T14:20:02: Configurações ativas: Nenhuma
2025-10-09T14:20:02: ================================
