2025-09-11T10:00:58: [Helpdesk Worker] Iniciando worker de processamento de emails...
2025-09-11T10:00:58: [Helpdesk Worker] Processando 1 departamentos
2025-09-11T10:00:58: [Helpdesk Worker] Processando emails do departamento: Suporte ti
2025-09-11T10:00:59: [Helpdesk Worker] Conectado ao IMAP: suporteti@garapasystem.com
2025-09-11T10:00:59: [Helpdesk Worker] Processados 0 novos emails para Suporte ti
2025-09-11T10:01:00: [Helpdesk Worker] Worker iniciado com intervalo de 300 segundos
2025-09-11T10:01:00: Worker do helpdesk iniciado com sucesso!
2025-09-11T10:01:28: [Status] Worker rodando: true
2025-09-11T10:01:58: [Status] Worker rodando: true
2025-09-11T10:02:28: [Status] Worker rodando: true
2025-09-11T10:02:36: Recebido SIGINT, parando worker...
2025-09-11T10:02:36: [Helpdesk Worker] Worker parado
2025-09-11T10:02:37: [Helpdesk Worker] Iniciando worker de processamento de emails...
2025-09-11T10:02:37: [Helpdesk Worker] Processando 1 departamentos
2025-09-11T10:02:37: [Helpdesk Worker] Processando emails do departamento: Suporte ti
2025-09-11T10:02:38: [Helpdesk Worker] Conectado ao IMAP: suporteti@garapasystem.com
2025-09-11T10:02:38: [Helpdesk Worker] Processados 0 novos emails para Suporte ti
2025-09-11T10:02:38: [Helpdesk Worker] Worker iniciado com intervalo de 300 segundos
2025-09-11T10:02:38: Worker do helpdesk iniciado com sucesso!
2025-09-11T10:03:07: [Status] Worker rodando: true
2025-09-11T10:03:37: [Status] Worker rodando: true
2025-09-11T10:04:04: Recebido SIGINT, parando worker...
2025-09-11T10:04:04: [Helpdesk Worker] Worker parado
2025-09-11T10:04:05: [Helpdesk Worker] Iniciando worker de processamento de emails...
2025-09-11T10:04:05: [Helpdesk Worker] Processando 1 departamentos
2025-09-11T10:04:05: [Helpdesk Worker] Processando emails do departamento: Suporte ti
2025-09-11T10:04:06: [Helpdesk Worker] Conectado ao IMAP: suporteti@garapasystem.com
2025-09-11T10:04:06: [Helpdesk Worker] Processados 0 novos emails para Suporte ti
2025-09-11T10:04:06: [Helpdesk Worker] Worker iniciado com intervalo de 300 segundos
2025-09-11T10:04:06: Worker do helpdesk iniciado com sucesso!
2025-09-11T10:04:35: [Status] Worker rodando: true
2025-09-11T10:05:05: [Status] Worker rodando: true
2025-09-11T10:05:35: [Status] Worker rodando: true
2025-09-11T10:06:05: [Status] Worker rodando: true
2025-09-11T10:06:35: [Status] Worker rodando: true
2025-09-11T10:07:05: [Status] Worker rodando: true
2025-09-11T10:07:35: [Status] Worker rodando: true
2025-09-11T10:08:05: [Status] Worker rodando: true
2025-09-11T10:08:35: [Status] Worker rodando: true
2025-09-11T10:09:05: [Status] Worker rodando: true
2025-09-11T10:09:06: [Helpdesk Worker] Processando 1 departamentos
2025-09-11T10:09:06: [Helpdesk Worker] Processando emails do departamento: Suporte ti
2025-09-11T10:09:07: [Helpdesk Worker] Conectado ao IMAP: suporteti@garapasystem.com
2025-09-11T10:09:08: [Helpdesk Worker] Processados 0 novos emails para Suporte ti
2025-09-11T10:09:18: Recebido SIGINT, parando worker...
2025-09-11T10:09:18: [Helpdesk Worker] Worker parado
2025-09-11T10:09:18: [Helpdesk Worker] Iniciando worker de processamento de emails...
2025-09-11T10:09:18: [Helpdesk Worker] Processando 1 departamentos
2025-09-11T10:09:18: [Helpdesk Worker] Processando emails do departamento: Suporte ti
2025-09-11T10:09:19: [Helpdesk Worker] Conectado ao IMAP: suporteti@garapasystem.com
2025-09-11T10:09:20: [Helpdesk Worker] Processados 0 novos emails para Suporte ti
2025-09-11T10:09:20: [Helpdesk Worker] Worker iniciado com intervalo de 300 segundos
2025-09-11T10:09:20: Worker do helpdesk iniciado com sucesso!
2025-09-11T10:09:48: [Status] Worker rodando: true
2025-09-11T10:10:18: [Status] Worker rodando: true
2025-09-11T10:10:48: [Status] Worker rodando: true
2025-09-11T10:11:18: [Status] Worker rodando: true
2025-09-11T10:11:48: [Status] Worker rodando: true
2025-09-11T10:12:18: [Status] Worker rodando: true
2025-09-11T10:12:48: [Status] Worker rodando: true
2025-09-11T10:13:18: [Status] Worker rodando: true
2025-09-11T10:13:48: [Status] Worker rodando: true
2025-09-11T10:14:18: [Status] Worker rodando: true
2025-09-11T10:14:20: [Helpdesk Worker] Processando 1 departamentos
2025-09-11T10:14:20: [Helpdesk Worker] Processando emails do departamento: Suporte ti
2025-09-11T10:14:21: [Helpdesk Worker] Conectado ao IMAP: suporteti@garapasystem.com
2025-09-11T10:14:21: [Helpdesk Worker] Processados 0 novos emails para Suporte ti
2025-09-11T10:14:48: [Status] Worker rodando: true
2025-09-11T10:15:18: [Status] Worker rodando: true
2025-09-11T10:15:48: [Status] Worker rodando: true
2025-09-11T10:16:18: [Status] Worker rodando: true
2025-09-11T10:16:48: [Status] Worker rodando: true
2025-09-11T10:17:18: [Status] Worker rodando: true
2025-09-11T10:17:48: [Status] Worker rodando: true
2025-09-11T10:18:18: [Status] Worker rodando: true
2025-09-11T10:18:48: [Status] Worker rodando: true
2025-09-11T10:19:18: [Status] Worker rodando: true
2025-09-11T10:19:20: [Helpdesk Worker] Processando 1 departamentos
2025-09-11T10:19:20: [Helpdesk Worker] Processando emails do departamento: Suporte ti
2025-09-11T10:19:21: [Helpdesk Worker] Conectado ao IMAP: suporteti@garapasystem.com
2025-09-11T10:19:21: [Helpdesk Worker] Processados 0 novos emails para Suporte ti
2025-09-11T10:19:48: [Status] Worker rodando: true
2025-09-11T10:20:18: [Status] Worker rodando: true
2025-09-11T10:20:48: [Status] Worker rodando: true
2025-09-11T10:21:18: [Status] Worker rodando: true
2025-09-11T10:21:48: [Status] Worker rodando: true
2025-09-11T10:22:18: [Status] Worker rodando: true
2025-09-11T10:22:48: [Status] Worker rodando: true
2025-09-11T10:23:18: [Status] Worker rodando: true
2025-09-11T10:23:48: [Status] Worker rodando: true
2025-09-11T10:24:18: [Status] Worker rodando: true
2025-09-11T10:24:20: [Helpdesk Worker] Processando 1 departamentos
2025-09-11T10:24:20: [Helpdesk Worker] Processando emails do departamento: Suporte ti
2025-09-11T10:24:21: [Helpdesk Worker] Conectado ao IMAP: suporteti@garapasystem.com
2025-09-11T10:24:21: [Helpdesk Worker] Processados 0 novos emails para Suporte ti
2025-09-11T10:24:48: [Status] Worker rodando: true
2025-09-11T10:25:18: [Status] Worker rodando: true
2025-09-11T10:25:48: [Status] Worker rodando: true
2025-09-11T10:26:18: [Status] Worker rodando: true
2025-09-11T10:26:48: [Status] Worker rodando: true
2025-09-11T10:27:18: [Status] Worker rodando: true
2025-09-11T10:27:48: [Status] Worker rodando: true
2025-09-11T10:28:18: [Status] Worker rodando: true
2025-09-11T10:28:48: [Status] Worker rodando: true
2025-09-11T10:29:18: [Status] Worker rodando: true
2025-09-11T10:29:20: [Helpdesk Worker] Processando 1 departamentos
2025-09-11T10:29:20: [Helpdesk Worker] Processando emails do departamento: Suporte ti
2025-09-11T10:29:21: [Helpdesk Worker] Conectado ao IMAP: suporteti@garapasystem.com
2025-09-11T10:29:21: [Helpdesk Worker] Processados 0 novos emails para Suporte ti
2025-09-11T10:29:48: [Status] Worker rodando: true
2025-09-11T10:30:18: [Status] Worker rodando: true
2025-09-11T10:30:48: [Status] Worker rodando: true
2025-09-11T10:31:18: [Status] Worker rodando: true
2025-09-11T10:31:48: [Status] Worker rodando: true
2025-09-11T10:32:18: [Status] Worker rodando: true
2025-09-11T10:32:48: [Status] Worker rodando: true
2025-09-11T10:33:18: [Status] Worker rodando: true
2025-09-11T10:33:48: [Status] Worker rodando: true
2025-09-11T10:34:18: [Status] Worker rodando: true
2025-09-11T10:34:20: [Helpdesk Worker] Processando 1 departamentos
2025-09-11T10:34:20: [Helpdesk Worker] Processando emails do departamento: Suporte ti
2025-09-11T10:34:21: [Helpdesk Worker] Conectado ao IMAP: suporteti@garapasystem.com
2025-09-11T10:34:21: [Helpdesk Worker] Processados 0 novos emails para Suporte ti
2025-09-11T10:34:48: [Status] Worker rodando: true
2025-09-11T10:35:18: [Status] Worker rodando: true
2025-09-11T10:35:48: [Status] Worker rodando: true
2025-09-11T10:36:18: [Status] Worker rodando: true
2025-09-11T10:36:48: [Status] Worker rodando: true
2025-09-11T10:37:18: [Status] Worker rodando: true
2025-09-11T10:37:48: [Status] Worker rodando: true
2025-09-11T10:38:18: [Status] Worker rodando: true
2025-09-11T10:38:48: [Status] Worker rodando: true
2025-09-11T10:39:18: [Status] Worker rodando: true
2025-09-11T10:39:20: [Helpdesk Worker] Processando 1 departamentos
2025-09-11T10:39:20: [Helpdesk Worker] Processando emails do departamento: Suporte ti
2025-09-11T10:39:21: [Helpdesk Worker] Conectado ao IMAP: suporteti@garapasystem.com
2025-09-11T10:39:21: [Helpdesk Worker] Processados 0 novos emails para Suporte ti
2025-09-11T10:39:48: [Status] Worker rodando: true
2025-09-11T10:40:18: [Status] Worker rodando: true
2025-09-11T10:40:48: [Status] Worker rodando: true
2025-09-11T10:41:18: [Status] Worker rodando: true
2025-09-11T10:41:48: [Status] Worker rodando: true
2025-09-11T10:42:18: [Status] Worker rodando: true
2025-09-11T10:42:48: [Status] Worker rodando: true
2025-09-11T10:43:18: [Status] Worker rodando: true
2025-09-11T10:43:48: [Status] Worker rodando: true
2025-09-11T10:44:18: [Status] Worker rodando: true
2025-09-11T10:44:20: [Helpdesk Worker] Processando 1 departamentos
2025-09-11T10:44:20: [Helpdesk Worker] Processando emails do departamento: Suporte ti
2025-09-11T10:44:21: [Helpdesk Worker] Conectado ao IMAP: suporteti@garapasystem.com
2025-09-11T10:44:21: [Helpdesk Worker] Processados 0 novos emails para Suporte ti
2025-09-11T10:44:48: [Status] Worker rodando: true
2025-09-11T10:45:18: [Status] Worker rodando: true
2025-09-11T10:45:48: [Status] Worker rodando: true
2025-09-11T10:46:18: [Status] Worker rodando: true
2025-09-11T10:46:48: [Status] Worker rodando: true
2025-09-11T10:47:18: [Status] Worker rodando: true
2025-09-11T10:47:48: [Status] Worker rodando: true
2025-09-11T10:48:18: [Status] Worker rodando: true
2025-09-11T10:48:48: [Status] Worker rodando: true
2025-09-11T10:49:18: [Status] Worker rodando: true
2025-09-11T10:49:20: [Helpdesk Worker] Processando 1 departamentos
2025-09-11T10:49:20: [Helpdesk Worker] Processando emails do departamento: Suporte ti
2025-09-11T10:49:21: [Helpdesk Worker] Conectado ao IMAP: suporteti@garapasystem.com
2025-09-11T10:49:21: [Helpdesk Worker] Processados 0 novos emails para Suporte ti
2025-09-11T10:49:48: [Status] Worker rodando: true
2025-09-11T10:50:18: [Status] Worker rodando: true
2025-09-11T10:50:48: [Status] Worker rodando: true
2025-09-11T10:51:18: [Status] Worker rodando: true
2025-09-11T10:51:48: [Status] Worker rodando: true
2025-09-11T10:52:18: [Status] Worker rodando: true
2025-09-11T10:52:48: [Status] Worker rodando: true
2025-09-11T10:53:18: [Status] Worker rodando: true
2025-09-11T10:53:48: [Status] Worker rodando: true
2025-09-11T10:54:18: [Status] Worker rodando: true
2025-09-11T10:54:20: [Helpdesk Worker] Processando 1 departamentos
2025-09-11T10:54:20: [Helpdesk Worker] Processando emails do departamento: Suporte ti
2025-09-11T10:54:21: [Helpdesk Worker] Conectado ao IMAP: suporteti@garapasystem.com
2025-09-11T10:54:21: [Helpdesk Worker] Processados 0 novos emails para Suporte ti
2025-09-11T10:54:48: [Status] Worker rodando: true
2025-09-11T10:55:18: [Status] Worker rodando: true
2025-09-11T10:55:48: [Status] Worker rodando: true
2025-09-11T10:56:18: [Status] Worker rodando: true
2025-09-11T10:56:48: [Status] Worker rodando: true
2025-09-11T10:57:18: [Status] Worker rodando: true
2025-09-11T10:57:48: [Status] Worker rodando: true
2025-09-11T10:58:18: [Status] Worker rodando: true
2025-09-11T10:58:48: [Status] Worker rodando: true
2025-09-11T10:59:18: [Status] Worker rodando: true
2025-09-11T10:59:20: [Helpdesk Worker] Processando 1 departamentos
2025-09-11T10:59:20: [Helpdesk Worker] Processando emails do departamento: Suporte ti
2025-09-11T10:59:21: [Helpdesk Worker] Conectado ao IMAP: suporteti@garapasystem.com
2025-09-11T10:59:21: [Helpdesk Worker] Processados 0 novos emails para Suporte ti
2025-09-11T10:59:48: [Status] Worker rodando: true
2025-09-11T11:00:18: [Status] Worker rodando: true
2025-09-11T11:00:48: [Status] Worker rodando: true
2025-09-11T11:01:18: [Status] Worker rodando: true
2025-09-11T11:01:48: [Status] Worker rodando: true
2025-09-11T11:02:18: [Status] Worker rodando: true
2025-09-11T11:02:48: [Status] Worker rodando: true
2025-09-11T11:03:18: [Status] Worker rodando: true
2025-09-11T11:03:48: [Status] Worker rodando: true
2025-09-11T11:04:18: [Status] Worker rodando: true
2025-09-11T11:04:20: [Helpdesk Worker] Processando 1 departamentos
2025-09-11T11:04:20: [Helpdesk Worker] Processando emails do departamento: Suporte ti
2025-09-11T11:04:21: [Helpdesk Worker] Conectado ao IMAP: suporteti@garapasystem.com
2025-09-11T11:04:21: [Helpdesk Worker] Processados 0 novos emails para Suporte ti
2025-09-11T11:04:48: [Status] Worker rodando: true
2025-09-11T11:05:18: [Status] Worker rodando: true
2025-09-11T11:05:48: [Status] Worker rodando: true
2025-09-11T11:06:18: [Status] Worker rodando: true
2025-09-11T11:06:48: [Status] Worker rodando: true
2025-09-11T11:07:18: [Status] Worker rodando: true
2025-09-11T11:07:48: [Status] Worker rodando: true
2025-09-11T11:08:18: [Status] Worker rodando: true
2025-09-11T11:08:48: [Status] Worker rodando: true
2025-09-11T11:09:18: [Status] Worker rodando: true
2025-09-11T11:09:20: [Helpdesk Worker] Processando 1 departamentos
2025-09-11T11:09:20: [Helpdesk Worker] Processando emails do departamento: Suporte ti
2025-09-11T11:09:21: [Helpdesk Worker] Conectado ao IMAP: suporteti@garapasystem.com
2025-09-11T11:09:21: [Helpdesk Worker] Processados 0 novos emails para Suporte ti
2025-09-11T11:09:48: [Status] Worker rodando: true
2025-09-11T11:10:18: [Status] Worker rodando: true
2025-09-11T11:10:48: [Status] Worker rodando: true
2025-09-11T11:11:18: [Status] Worker rodando: true
2025-09-11T11:11:48: [Status] Worker rodando: true
2025-09-11T11:12:18: [Status] Worker rodando: true
2025-09-11T11:12:48: [Status] Worker rodando: true
2025-09-11T11:13:18: [Status] Worker rodando: true
2025-09-11T11:13:48: [Status] Worker rodando: true
2025-09-11T11:14:18: [Status] Worker rodando: true
2025-09-11T11:14:20: [Helpdesk Worker] Processando 1 departamentos
2025-09-11T11:14:20: [Helpdesk Worker] Processando emails do departamento: Suporte ti
2025-09-11T11:14:21: [Helpdesk Worker] Conectado ao IMAP: suporteti@garapasystem.com
2025-09-11T11:14:21: [Helpdesk Worker] Processados 0 novos emails para Suporte ti
2025-09-11T11:14:48: [Status] Worker rodando: true
2025-09-11T11:15:18: [Status] Worker rodando: true
2025-09-11T11:15:48: [Status] Worker rodando: true
2025-09-11T11:16:18: [Status] Worker rodando: true
2025-09-11T11:16:48: [Status] Worker rodando: true
2025-09-11T11:17:18: [Status] Worker rodando: true
2025-09-11T11:17:48: [Status] Worker rodando: true
2025-09-11T11:18:18: [Status] Worker rodando: true
2025-09-11T11:18:48: [Status] Worker rodando: true
2025-09-11T11:19:18: [Status] Worker rodando: true
2025-09-11T11:19:20: [Helpdesk Worker] Processando 1 departamentos
2025-09-11T11:19:20: [Helpdesk Worker] Processando emails do departamento: Suporte ti
2025-09-11T11:19:21: [Helpdesk Worker] Conectado ao IMAP: suporteti@garapasystem.com
2025-09-11T11:19:21: [Helpdesk Worker] Processados 0 novos emails para Suporte ti
2025-09-11T11:19:48: [Status] Worker rodando: true
2025-09-11T11:20:18: [Status] Worker rodando: true
2025-09-11T11:20:48: [Status] Worker rodando: true
2025-09-11T11:21:18: [Status] Worker rodando: true
2025-09-11T11:21:48: [Status] Worker rodando: true
2025-09-11T11:22:18: [Status] Worker rodando: true
2025-09-11T11:22:48: [Status] Worker rodando: true
2025-09-11T11:23:18: [Status] Worker rodando: true
2025-09-11T11:23:48: [Status] Worker rodando: true
2025-09-11T11:24:18: [Status] Worker rodando: true
2025-09-11T11:24:20: [Helpdesk Worker] Processando 1 departamentos
2025-09-11T11:24:20: [Helpdesk Worker] Processando emails do departamento: Suporte ti
2025-09-11T11:24:21: [Helpdesk Worker] Conectado ao IMAP: suporteti@garapasystem.com
2025-09-11T11:24:21: [Helpdesk Worker] Processados 0 novos emails para Suporte ti
2025-09-11T11:24:48: [Status] Worker rodando: true
2025-09-11T11:25:18: [Status] Worker rodando: true
2025-09-11T11:25:48: [Status] Worker rodando: true
2025-09-11T11:26:18: [Status] Worker rodando: true
2025-09-11T11:26:48: [Status] Worker rodando: true
2025-09-11T11:27:18: [Status] Worker rodando: true
2025-09-11T11:27:48: [Status] Worker rodando: true
2025-09-11T11:28:18: [Status] Worker rodando: true
2025-09-11T11:28:48: [Status] Worker rodando: true
2025-09-11T11:29:18: [Status] Worker rodando: true
2025-09-11T11:29:20: [Helpdesk Worker] Processando 1 departamentos
2025-09-11T11:29:20: [Helpdesk Worker] Processando emails do departamento: Suporte ti
2025-09-11T11:29:20: [Helpdesk Worker] Conectado ao IMAP: suporteti@garapasystem.com
2025-09-11T11:29:21: [Helpdesk Worker] Processados 0 novos emails para Suporte ti
2025-09-11T11:29:48: [Status] Worker rodando: true
2025-09-11T11:30:18: [Status] Worker rodando: true
2025-09-11T11:30:48: [Status] Worker rodando: true
2025-09-11T11:31:18: [Status] Worker rodando: true
2025-09-11T11:31:48: [Status] Worker rodando: true
2025-09-11T11:32:18: [Status] Worker rodando: true
2025-09-11T11:32:48: [Status] Worker rodando: true
2025-09-11T11:33:18: [Status] Worker rodando: true
2025-09-11T11:33:48: [Status] Worker rodando: true
2025-09-11T11:34:18: [Status] Worker rodando: true
2025-09-11T11:34:20: [Helpdesk Worker] Processando 1 departamentos
2025-09-11T11:34:20: [Helpdesk Worker] Processando emails do departamento: Suporte ti
2025-09-11T11:34:20: [Helpdesk Worker] Conectado ao IMAP: suporteti@garapasystem.com
2025-09-11T11:34:21: [Helpdesk Worker] Processados 0 novos emails para Suporte ti
2025-09-11T11:34:48: [Status] Worker rodando: true
2025-09-11T11:35:18: [Status] Worker rodando: true
2025-09-11T11:35:48: [Status] Worker rodando: true
2025-09-11T11:36:18: [Status] Worker rodando: true
2025-09-11T11:36:48: [Status] Worker rodando: true
2025-09-11T11:37:18: [Status] Worker rodando: true
2025-09-11T11:37:38: Recebido SIGINT, parando worker...
2025-09-11T11:37:38: [Helpdesk Worker] Worker parado
2025-09-11T11:37:57: [Helpdesk Worker] Iniciando worker de processamento de emails...
2025-09-11T11:37:57: [Helpdesk Worker] Processando 1 departamentos
2025-09-11T11:37:57: [Helpdesk Worker] Processando emails do departamento: Suporte ti
2025-09-11T11:37:58: [Helpdesk Worker] Conectado ao IMAP: suporteti@garapasystem.com
2025-09-11T11:37:59: [Helpdesk Worker] Processados 0 novos emails para Suporte ti
2025-09-11T11:37:59: [Helpdesk Worker] Worker iniciado com intervalo de 300 segundos
2025-09-11T11:37:59: Worker do helpdesk iniciado com sucesso!
2025-09-11T11:38:27: [Status] Worker rodando: true
2025-09-11T11:38:57: [Status] Worker rodando: true
2025-09-11T11:39:27: [Status] Worker rodando: true
2025-09-11T11:39:57: [Status] Worker rodando: true
2025-09-11T11:40:27: [Status] Worker rodando: true
2025-09-11T11:40:57: [Status] Worker rodando: true
2025-09-11T11:41:27: [Status] Worker rodando: true
2025-09-11T11:41:57: [Status] Worker rodando: true
2025-09-11T11:42:27: [Status] Worker rodando: true
2025-09-11T11:42:57: [Status] Worker rodando: true
2025-09-11T11:42:59: [Helpdesk Worker] Processando 1 departamentos
2025-09-11T11:42:59: [Helpdesk Worker] Processando emails do departamento: Suporte ti
2025-09-11T11:43:00: [Helpdesk Worker] Conectado ao IMAP: suporteti@garapasystem.com
2025-09-11T11:43:00: [Helpdesk Worker] Processados 0 novos emails para Suporte ti
2025-09-11T11:43:27: [Status] Worker rodando: true
2025-09-11T11:43:57: [Status] Worker rodando: true
2025-09-11T11:44:27: [Status] Worker rodando: true
2025-09-11T11:44:57: [Status] Worker rodando: true
2025-09-11T11:45:27: [Status] Worker rodando: true
2025-09-11T11:45:57: [Status] Worker rodando: true
2025-09-11T11:46:27: [Status] Worker rodando: true
2025-09-11T11:46:57: [Status] Worker rodando: true
2025-09-11T11:47:27: [Status] Worker rodando: true
2025-09-11T11:47:57: [Status] Worker rodando: true
2025-09-11T11:47:59: [Helpdesk Worker] Processando 1 departamentos
2025-09-11T11:47:59: [Helpdesk Worker] Processando emails do departamento: Suporte ti
2025-09-11T11:48:00: [Helpdesk Worker] Conectado ao IMAP: suporteti@garapasystem.com
2025-09-11T11:48:00: [Helpdesk Worker] Processados 0 novos emails para Suporte ti
2025-09-11T11:48:27: [Status] Worker rodando: true
2025-09-11T11:48:57: [Status] Worker rodando: true
2025-09-11T11:49:27: [Status] Worker rodando: true
2025-09-11T11:49:57: [Status] Worker rodando: true
2025-09-11T11:50:27: [Status] Worker rodando: true
2025-09-11T11:50:57: [Status] Worker rodando: true
2025-09-11T11:51:27: [Status] Worker rodando: true
2025-09-11T11:51:57: [Status] Worker rodando: true
2025-09-11T11:52:27: [Status] Worker rodando: true
2025-09-11T11:52:57: [Status] Worker rodando: true
2025-09-11T11:52:59: [Helpdesk Worker] Processando 1 departamentos
2025-09-11T11:52:59: [Helpdesk Worker] Processando emails do departamento: Suporte ti
2025-09-11T11:53:00: [Helpdesk Worker] Conectado ao IMAP: suporteti@garapasystem.com
2025-09-11T11:53:00: [Helpdesk Worker] Processados 0 novos emails para Suporte ti
2025-09-11T11:53:27: [Status] Worker rodando: true
2025-09-11T11:53:57: [Status] Worker rodando: true
2025-09-11T11:54:27: [Status] Worker rodando: true
2025-09-11T11:54:57: [Status] Worker rodando: true
2025-09-11T11:55:27: [Status] Worker rodando: true
2025-09-11T11:55:57: [Status] Worker rodando: true
2025-09-11T11:56:27: [Status] Worker rodando: true
2025-09-11T11:56:57: [Status] Worker rodando: true
2025-09-11T11:57:27: [Status] Worker rodando: true
2025-09-11T11:57:57: [Status] Worker rodando: true
2025-09-11T11:57:59: [Helpdesk Worker] Processando 1 departamentos
2025-09-11T11:57:59: [Helpdesk Worker] Processando emails do departamento: Suporte ti
2025-09-11T11:58:00: [Helpdesk Worker] Conectado ao IMAP: suporteti@garapasystem.com
2025-09-11T11:58:00: [Helpdesk Worker] Processados 0 novos emails para Suporte ti
2025-09-11T11:58:27: [Status] Worker rodando: true
2025-09-11T11:58:57: [Status] Worker rodando: true
2025-09-11T11:59:27: [Status] Worker rodando: true
2025-09-11T11:59:57: [Status] Worker rodando: true
2025-09-11T11:59:59: Recebido SIGINT, parando worker...
2025-09-11T11:59:59: [Helpdesk Worker] Worker parado
2025-09-11T12:00:00: [Helpdesk Worker] Iniciando worker de processamento de emails...
2025-09-11T12:00:00: [Helpdesk Worker] Processando 1 departamentos
2025-09-11T12:00:00: [Helpdesk Worker] Processando emails do departamento: Suporte ti
2025-09-11T12:00:01: [Helpdesk Worker] Conectado ao IMAP: suporteti@garapasystem.com
2025-09-11T12:00:02: [Helpdesk Worker] Processados 0 novos emails para Suporte ti
2025-09-11T12:00:02: [Helpdesk Worker] Worker iniciado com intervalo de 300 segundos
2025-09-11T12:00:02: Worker do helpdesk iniciado com sucesso!
2025-09-11T12:00:30: [Status] Worker rodando: true
2025-09-11T12:01:00: [Status] Worker rodando: true
2025-09-11T12:01:30: [Status] Worker rodando: true
2025-09-11T12:02:00: [Status] Worker rodando: true
2025-09-11T12:02:30: [Status] Worker rodando: true
2025-09-11T12:03:00: [Status] Worker rodando: true
2025-09-11T12:03:30: [Status] Worker rodando: true
2025-09-11T12:04:00: [Status] Worker rodando: true
2025-09-11T12:04:30: [Status] Worker rodando: true
2025-09-11T12:05:00: [Status] Worker rodando: true
2025-09-11T12:05:02: [Helpdesk Worker] Processando 1 departamentos
2025-09-11T12:05:02: [Helpdesk Worker] Processando emails do departamento: Suporte ti
2025-09-11T12:05:03: [Helpdesk Worker] Conectado ao IMAP: suporteti@garapasystem.com
2025-09-11T12:05:03: [Helpdesk Worker] Processados 0 novos emails para Suporte ti
2025-09-11T12:05:30: [Status] Worker rodando: true
2025-09-11T12:06:00: [Status] Worker rodando: true
2025-09-11T12:06:30: [Status] Worker rodando: true
2025-09-11T12:07:00: [Status] Worker rodando: true
2025-09-11T12:07:30: [Status] Worker rodando: true
2025-09-11T12:08:00: [Status] Worker rodando: true
2025-09-11T12:08:30: [Status] Worker rodando: true
2025-09-11T12:09:00: [Status] Worker rodando: true
2025-09-11T12:09:30: [Status] Worker rodando: true
2025-09-11T12:10:00: [Status] Worker rodando: true
2025-09-11T12:10:02: [Helpdesk Worker] Processando 1 departamentos
2025-09-11T12:10:02: [Helpdesk Worker] Processando emails do departamento: Suporte ti
2025-09-11T12:10:03: [Helpdesk Worker] Conectado ao IMAP: suporteti@garapasystem.com
2025-09-11T12:10:03: [Helpdesk Worker] Processados 0 novos emails para Suporte ti
2025-09-11T12:10:30: [Status] Worker rodando: true
2025-09-11T12:11:00: [Status] Worker rodando: true
2025-09-11T12:11:30: [Status] Worker rodando: true
2025-09-11T12:12:00: [Status] Worker rodando: true
2025-09-11T12:12:30: [Status] Worker rodando: true
2025-09-11T12:13:00: [Status] Worker rodando: true
2025-09-11T12:13:30: [Status] Worker rodando: true
2025-09-11T12:14:00: [Status] Worker rodando: true
2025-09-11T12:14:30: [Status] Worker rodando: true
2025-09-11T12:15:00: [Status] Worker rodando: true
2025-09-11T12:15:02: [Helpdesk Worker] Processando 1 departamentos
2025-09-11T12:15:02: [Helpdesk Worker] Processando emails do departamento: Suporte ti
2025-09-11T12:15:03: [Helpdesk Worker] Conectado ao IMAP: suporteti@garapasystem.com
2025-09-11T12:15:03: [Helpdesk Worker] Processados 0 novos emails para Suporte ti
2025-09-11T12:15:30: [Status] Worker rodando: true
2025-09-11T12:16:00: [Status] Worker rodando: true
2025-09-11T12:16:30: [Status] Worker rodando: true
2025-09-11T12:17:00: [Status] Worker rodando: true
2025-09-11T12:17:30: [Status] Worker rodando: true
2025-09-11T12:18:00: [Status] Worker rodando: true
2025-09-11T12:18:30: [Status] Worker rodando: true
2025-09-11T12:19:00: [Status] Worker rodando: true
2025-09-11T12:19:30: [Status] Worker rodando: true
2025-09-11T12:20:00: [Status] Worker rodando: true
2025-09-11T12:20:02: [Helpdesk Worker] Processando 1 departamentos
2025-09-11T12:20:02: [Helpdesk Worker] Processando emails do departamento: Suporte ti
2025-09-11T12:20:03: [Helpdesk Worker] Conectado ao IMAP: suporteti@garapasystem.com
2025-09-11T12:20:03: [Helpdesk Worker] Processados 0 novos emails para Suporte ti
2025-09-11T12:20:30: [Status] Worker rodando: true
2025-09-11T12:21:00: [Status] Worker rodando: true
2025-09-11T12:21:30: [Status] Worker rodando: true
2025-09-11T12:22:00: [Status] Worker rodando: true
2025-09-11T12:22:30: [Status] Worker rodando: true
2025-09-11T12:23:00: [Status] Worker rodando: true
2025-09-11T12:23:30: [Status] Worker rodando: true
2025-09-11T12:24:00: [Status] Worker rodando: true
2025-09-11T12:24:30: [Status] Worker rodando: true
2025-09-11T12:25:00: [Status] Worker rodando: true
2025-09-11T12:25:02: [Helpdesk Worker] Processando 1 departamentos
2025-09-11T12:25:02: [Helpdesk Worker] Processando emails do departamento: Suporte ti
2025-09-11T12:25:02: [Helpdesk Worker] Conectado ao IMAP: suporteti@garapasystem.com
2025-09-11T12:25:03: [Helpdesk Worker] Processados 0 novos emails para Suporte ti
2025-09-11T12:25:30: [Status] Worker rodando: true
2025-09-11T12:26:00: [Status] Worker rodando: true
2025-09-11T12:26:30: [Status] Worker rodando: true
2025-09-11T12:27:00: [Status] Worker rodando: true
2025-09-11T12:27:30: [Status] Worker rodando: true
2025-09-11T12:28:00: [Status] Worker rodando: true
2025-09-11T12:28:30: [Status] Worker rodando: true
2025-09-11T12:29:00: [Status] Worker rodando: true
2025-09-11T12:29:30: [Status] Worker rodando: true
2025-09-11T12:30:00: [Status] Worker rodando: true
2025-09-11T12:30:02: [Helpdesk Worker] Processando 1 departamentos
2025-09-11T12:30:02: [Helpdesk Worker] Processando emails do departamento: Suporte ti
2025-09-11T12:30:03: [Helpdesk Worker] Conectado ao IMAP: suporteti@garapasystem.com
2025-09-11T12:30:30: [Status] Worker rodando: true
2025-09-11T12:31:00: [Status] Worker rodando: true
2025-09-11T12:31:30: [Status] Worker rodando: true
2025-09-11T12:32:00: [Status] Worker rodando: true
2025-09-11T12:32:30: [Status] Worker rodando: true
2025-09-11T12:33:00: [Status] Worker rodando: true
2025-09-11T12:33:30: [Status] Worker rodando: true
2025-09-11T12:34:00: [Status] Worker rodando: true
2025-09-11T12:34:30: [Status] Worker rodando: true
2025-09-11T12:35:00: [Status] Worker rodando: true
2025-09-11T12:35:01: [Helpdesk Worker] Processando 1 departamentos
2025-09-11T12:35:01: [Helpdesk Worker] Processando emails do departamento: Suporte ti
2025-09-11T12:35:04: [Helpdesk Worker] Conectado ao IMAP: suporteti@garapasystem.com
2025-09-11T12:35:30: [Status] Worker rodando: true
2025-09-11T12:36:00: [Status] Worker rodando: true
2025-09-11T12:36:30: [Status] Worker rodando: true
2025-09-11T12:37:00: [Status] Worker rodando: true
2025-09-11T12:37:30: [Status] Worker rodando: true
2025-09-11T12:38:00: [Status] Worker rodando: true
2025-09-11T12:38:30: [Status] Worker rodando: true
2025-09-11T12:39:00: [Status] Worker rodando: true
2025-09-11T12:39:30: [Status] Worker rodando: true
2025-09-11T12:40:00: [Status] Worker rodando: true
2025-09-11T12:40:01: [Helpdesk Worker] Processando 1 departamentos
2025-09-11T12:40:01: [Helpdesk Worker] Processando emails do departamento: Suporte ti
2025-09-11T12:40:02: [Helpdesk Worker] Conectado ao IMAP: suporteti@garapasystem.com
2025-09-11T12:40:09: [Helpdesk Worker] Iniciando worker de processamento de emails...
2025-09-11T12:40:09: [Helpdesk Worker] Processando 1 departamentos
2025-09-11T12:40:09: [Helpdesk Worker] Processando emails do departamento: Suporte ti
2025-09-11T12:40:10: [Helpdesk Worker] Conectado ao IMAP: suporteti@garapasystem.com
2025-09-11T12:40:39: [Status] Worker rodando: true
2025-09-11T12:41:09: [Status] Worker rodando: true
2025-09-11T12:41:39: [Status] Worker rodando: true
2025-09-11T12:42:09: [Status] Worker rodando: true
2025-09-11T12:42:39: [Status] Worker rodando: true
2025-09-11T12:42:50: Recebido SIGINT, parando worker...
2025-09-11T12:42:50: [Helpdesk Worker] Worker parado
2025-09-11T12:42:50: [Helpdesk Worker] Iniciando worker de processamento de emails...
2025-09-11T12:42:50: [Helpdesk Worker] Processando 1 departamentos
2025-09-11T12:42:50: [Helpdesk Worker] Processando emails do departamento: Suporte ti
2025-09-11T12:42:52: [Helpdesk Worker] Conectado ao IMAP: suporteti@garapasystem.com
2025-09-11T12:43:20: [Status] Worker rodando: true
2025-09-11T12:43:50: [Status] Worker rodando: true
2025-09-11T12:44:20: [Status] Worker rodando: true
2025-09-11T12:44:50: [Status] Worker rodando: true
2025-09-11T12:45:20: [Status] Worker rodando: true
2025-09-11T12:45:50: [Status] Worker rodando: true
2025-09-11T12:46:20: [Status] Worker rodando: true
2025-09-11T12:46:50: [Status] Worker rodando: true
2025-09-11T12:47:20: [Status] Worker rodando: true
2025-09-11T12:47:50: [Status] Worker rodando: true
2025-09-11T12:47:56: [Helpdesk Worker] Iniciando worker de processamento de emails...
2025-09-11T12:47:56: [Helpdesk Worker] Processando 1 departamentos
2025-09-11T12:47:56: [Helpdesk Worker] Processando emails do departamento: Suporte ti
2025-09-11T12:47:58: [Helpdesk Worker] Conectado ao IMAP: suporteti@garapasystem.com
2025-09-11T12:48:26: [Status] Worker rodando: true
2025-09-11T12:48:56: [Status] Worker rodando: true
2025-09-11T12:49:26: [Status] Worker rodando: true
2025-09-11T12:49:56: [Status] Worker rodando: true
2025-09-11T12:50:20: Recebido SIGINT, parando worker...
2025-09-11T12:50:20: [Helpdesk Worker] Worker parado
2025-09-11T12:50:20: [Helpdesk Worker] Iniciando worker de processamento de emails...
2025-09-11T12:50:20: [Helpdesk Worker] Processando 1 departamentos
2025-09-11T12:50:20: [Helpdesk Worker] Processando emails do departamento: Suporte ti
2025-09-11T12:50:22: [Helpdesk Worker] Conectado ao IMAP: suporteti@garapasystem.com
2025-09-11T12:50:50: [Status] Worker rodando: true
2025-09-11T12:51:20: [Status] Worker rodando: true
2025-09-11T12:51:50: [Status] Worker rodando: true
2025-09-11T12:52:20: [Status] Worker rodando: true
2025-09-11T12:52:50: [Status] Worker rodando: true
2025-09-11T12:53:20: [Status] Worker rodando: true
2025-09-11T12:53:50: [Status] Worker rodando: true
2025-09-11T12:54:20: [Status] Worker rodando: true
2025-09-11T12:54:50: [Status] Worker rodando: true
2025-09-11T12:55:20: [Status] Worker rodando: true
2025-09-11T12:55:26: [Helpdesk Worker] Iniciando worker de processamento de emails...
2025-09-11T12:55:26: [Helpdesk Worker] Processando 1 departamentos
2025-09-11T12:55:26: [Helpdesk Worker] Processando emails do departamento: Suporte ti
2025-09-11T12:55:27: [Helpdesk Worker] Conectado ao IMAP: suporteti@garapasystem.com
2025-09-11T12:55:56: [Status] Worker rodando: true
2025-09-11T12:56:26: [Status] Worker rodando: true
2025-09-11T12:56:56: [Status] Worker rodando: true
2025-09-11T12:57:26: [Status] Worker rodando: true
2025-09-11T12:57:56: [Status] Worker rodando: true
2025-09-11T12:58:26: [Status] Worker rodando: true
2025-09-11T12:58:56: [Status] Worker rodando: true
2025-09-11T12:59:26: [Status] Worker rodando: true
2025-09-11T12:59:56: [Status] Worker rodando: true
2025-09-11T13:00:26: [Status] Worker rodando: true
2025-09-11T13:00:32: [Helpdesk Worker] Iniciando worker de processamento de emails...
2025-09-11T13:00:32: [Helpdesk Worker] Processando 1 departamentos
2025-09-11T13:00:32: [Helpdesk Worker] Processando emails do departamento: Suporte ti
2025-09-11T13:00:33: [Helpdesk Worker] Conectado ao IMAP: suporteti@garapasystem.com
2025-09-11T13:01:02: [Status] Worker rodando: true
2025-09-11T13:01:32: [Status] Worker rodando: true
2025-09-11T13:02:02: [Status] Worker rodando: true
2025-09-11T13:02:32: [Status] Worker rodando: true
2025-09-11T13:03:02: [Status] Worker rodando: true
2025-09-11T13:03:32: [Status] Worker rodando: true
2025-09-11T13:04:02: [Status] Worker rodando: true
2025-09-11T13:04:32: [Status] Worker rodando: true
2025-09-11T13:05:02: [Status] Worker rodando: true
2025-09-11T13:05:32: [Status] Worker rodando: true
2025-09-11T13:05:38: [Helpdesk Worker] Iniciando worker de processamento de emails...
2025-09-11T13:05:38: [Helpdesk Worker] Processando 1 departamentos
2025-09-11T13:05:38: [Helpdesk Worker] Processando emails do departamento: Suporte ti
2025-09-11T13:05:39: [Helpdesk Worker] Conectado ao IMAP: suporteti@garapasystem.com
2025-09-11T13:06:08: [Status] Worker rodando: true
2025-09-11T13:06:38: [Status] Worker rodando: true
2025-09-11T13:07:08: [Status] Worker rodando: true
2025-09-11T13:07:38: [Status] Worker rodando: true
2025-09-11T13:08:08: [Status] Worker rodando: true
2025-09-11T13:08:38: [Status] Worker rodando: true
2025-09-11T13:09:08: [Status] Worker rodando: true
2025-09-11T13:09:38: [Status] Worker rodando: true
2025-09-11T13:10:08: [Status] Worker rodando: true
2025-09-11T13:10:38: [Status] Worker rodando: true
2025-09-11T13:10:44: [Helpdesk Worker] Iniciando worker de processamento de emails...
2025-09-11T13:10:44: [Helpdesk Worker] Processando 1 departamentos
2025-09-11T13:10:44: [Helpdesk Worker] Processando emails do departamento: Suporte ti
2025-09-11T13:10:46: [Helpdesk Worker] Conectado ao IMAP: suporteti@garapasystem.com
2025-09-11T13:11:14: [Status] Worker rodando: true
2025-09-11T13:11:44: [Status] Worker rodando: true
2025-09-11T13:12:14: [Status] Worker rodando: true
2025-09-11T13:12:44: [Status] Worker rodando: true
2025-09-11T13:13:14: [Status] Worker rodando: true
2025-09-11T13:13:44: [Status] Worker rodando: true
2025-09-11T13:14:14: [Status] Worker rodando: true
2025-09-11T13:14:44: [Status] Worker rodando: true
2025-09-11T13:15:14: [Status] Worker rodando: true
2025-09-11T13:15:44: [Status] Worker rodando: true
2025-09-11T13:15:51: [Helpdesk Worker] Iniciando worker de processamento de emails...
2025-09-11T13:15:51: [Helpdesk Worker] Processando 1 departamentos
2025-09-11T13:15:51: [Helpdesk Worker] Processando emails do departamento: Suporte ti
2025-09-11T13:15:52: [Helpdesk Worker] Conectado ao IMAP: suporteti@garapasystem.com
2025-09-11T13:16:21: [Status] Worker rodando: true
2025-09-11T13:16:51: [Status] Worker rodando: true
2025-09-11T13:17:21: [Status] Worker rodando: true
2025-09-11T13:17:51: [Status] Worker rodando: true
2025-09-11T13:18:21: [Status] Worker rodando: true
2025-09-11T13:18:51: [Status] Worker rodando: true
2025-09-11T13:19:21: [Status] Worker rodando: true
2025-09-11T13:19:51: [Status] Worker rodando: true
2025-09-11T13:20:21: [Status] Worker rodando: true
2025-09-11T13:20:51: [Status] Worker rodando: true
2025-09-11T13:20:57: [Helpdesk Worker] Iniciando worker de processamento de emails...
2025-09-11T13:20:57: [Helpdesk Worker] Processando 1 departamentos
2025-09-11T13:20:57: [Helpdesk Worker] Processando emails do departamento: Suporte ti
2025-09-11T13:20:58: [Helpdesk Worker] Conectado ao IMAP: suporteti@garapasystem.com
2025-09-11T13:21:27: [Status] Worker rodando: true
2025-09-11T13:21:57: [Status] Worker rodando: true
2025-09-11T13:22:27: [Status] Worker rodando: true
2025-09-11T13:22:57: [Status] Worker rodando: true
2025-09-11T13:23:27: [Status] Worker rodando: true
2025-09-11T13:23:57: [Status] Worker rodando: true
2025-09-11T13:24:27: [Status] Worker rodando: true
2025-09-11T13:24:57: [Status] Worker rodando: true
2025-09-11T13:25:27: [Status] Worker rodando: true
2025-09-11T13:25:57: [Status] Worker rodando: true
2025-09-11T13:26:03: [Helpdesk Worker] Iniciando worker de processamento de emails...
2025-09-11T13:26:03: [Helpdesk Worker] Processando 1 departamentos
2025-09-11T13:26:03: [Helpdesk Worker] Processando emails do departamento: Suporte ti
2025-09-11T13:26:04: [Helpdesk Worker] Conectado ao IMAP: suporteti@garapasystem.com
2025-09-11T13:26:33: [Status] Worker rodando: true
2025-09-11T13:27:03: [Status] Worker rodando: true
2025-09-11T13:27:33: [Status] Worker rodando: true
2025-09-11T13:28:03: [Status] Worker rodando: true
2025-09-11T13:28:33: [Status] Worker rodando: true
2025-09-11T13:29:03: [Status] Worker rodando: true
2025-09-11T13:29:33: [Status] Worker rodando: true
2025-09-11T13:30:03: [Status] Worker rodando: true
2025-09-11T13:30:33: [Status] Worker rodando: true
2025-09-11T13:31:03: [Status] Worker rodando: true
2025-09-11T13:31:09: [Helpdesk Worker] Iniciando worker de processamento de emails...
2025-09-11T13:31:09: [Helpdesk Worker] Processando 1 departamentos
2025-09-11T13:31:09: [Helpdesk Worker] Processando emails do departamento: Suporte ti
2025-09-11T13:31:10: [Helpdesk Worker] Conectado ao IMAP: suporteti@garapasystem.com
2025-09-11T13:31:39: [Status] Worker rodando: true
2025-09-11T13:32:01: [Helpdesk Worker] Worker iniciado com intervalo de 300 segundos
2025-09-11T13:32:01: Worker do helpdesk iniciado com sucesso!
2025-09-11T13:32:09: [Status] Worker rodando: true
2025-09-11T13:32:39: [Status] Worker rodando: true
2025-09-11T13:33:09: [Status] Worker rodando: true
2025-09-11T13:33:39: [Status] Worker rodando: true
2025-09-11T13:34:09: [Status] Worker rodando: true
2025-09-11T13:34:39: [Status] Worker rodando: true
2025-09-11T13:35:09: [Status] Worker rodando: true
2025-09-11T13:35:39: [Status] Worker rodando: true
2025-09-11T13:36:09: [Status] Worker rodando: true
2025-09-11T13:36:39: [Status] Worker rodando: true
2025-09-11T13:37:01: [Helpdesk Worker] Processando 1 departamentos
2025-09-11T13:37:01: [Helpdesk Worker] Processando emails do departamento: Suporte ti
2025-09-11T13:37:02: [Helpdesk Worker] Conectado ao IMAP: suporteti@garapasystem.com
2025-09-11T13:37:09: [Status] Worker rodando: true
2025-09-11T13:37:39: [Status] Worker rodando: true
2025-09-11T13:38:09: [Status] Worker rodando: true
2025-09-11T13:38:39: [Status] Worker rodando: true
2025-09-11T13:39:09: [Status] Worker rodando: true
2025-09-11T13:39:39: [Status] Worker rodando: true
2025-09-11T13:40:09: [Status] Worker rodando: true
2025-09-11T13:40:39: [Status] Worker rodando: true
2025-09-11T13:41:09: [Status] Worker rodando: true
2025-09-11T13:41:39: [Status] Worker rodando: true
2025-09-11T13:42:01: [Helpdesk Worker] Processando 1 departamentos
2025-09-11T13:42:01: [Helpdesk Worker] Processando emails do departamento: Suporte ti
2025-09-11T13:42:02: [Helpdesk Worker] Conectado ao IMAP: suporteti@garapasystem.com
2025-09-11T13:42:07: [Helpdesk Worker] Iniciando worker de processamento de emails...
2025-09-11T13:42:07: [Helpdesk Worker] Processando 1 departamentos
2025-09-11T13:42:07: [Helpdesk Worker] Processando emails do departamento: Suporte ti
2025-09-11T13:42:08: [Helpdesk Worker] Conectado ao IMAP: suporteti@garapasystem.com
2025-09-11T13:42:37: [Status] Worker rodando: true
2025-09-11T13:42:52: Recebido SIGINT, parando worker...
2025-09-11T13:42:52: [Helpdesk Worker] Worker parado
