2025-09-11T12:32:01: [Helpdesk Worker] Erro ao processar email UID 3: Connection not available
2025-09-11T12:32:01: [Helpdesk Worker] Erro ao processar emails do departamento Suporte ti: Connection not available
2025-09-11T12:40:04: Error: Socket timeout
2025-09-11T12:40:04:     at TLSSocket._socketTimeout (/app/node_modules/imapflow/lib/imap-flow.js:789:29)
2025-09-11T12:40:04:     at TLSSocket.emit (node:events:524:28)
2025-09-11T12:40:04:     at Socket._onTimeout (node:net:595:8)
2025-09-11T12:40:04:     at listOnTimeout (node:internal/timers:581:17)
2025-09-11T12:40:04:     at process.processTimers (node:internal/timers:519:7) {
2025-09-11T12:40:04:   code: 'ETIMEOUT',
2025-09-11T12:40:04:   _connId: '1acz9ol4bjarz21sop5g'
2025-09-11T12:40:04: }
2025-09-11T12:47:52: Error: Socket timeout
2025-09-11T12:47:52:     at TLSSocket._socketTimeout (/app/node_modules/imapflow/lib/imap-flow.js:789:29)
2025-09-11T12:47:52:     at TLSSocket.emit (node:events:524:28)
2025-09-11T12:47:52:     at Socket._onTimeout (node:net:595:8)
2025-09-11T12:47:52:     at listOnTimeout (node:internal/timers:581:17)
2025-09-11T12:47:52:     at process.processTimers (node:internal/timers:519:7) {
2025-09-11T12:47:52:   code: 'ETIMEOUT',
2025-09-11T12:47:52:   _connId: '4fxag7jwp5nuc8u32r07'
2025-09-11T12:47:52: }
2025-09-11T12:55:22: Error: Socket timeout
2025-09-11T12:55:22:     at TLSSocket._socketTimeout (/app/node_modules/imapflow/lib/imap-flow.js:789:29)
2025-09-11T12:55:22:     at TLSSocket.emit (node:events:524:28)
2025-09-11T12:55:22:     at Socket._onTimeout (node:net:595:8)
2025-09-11T12:55:22:     at listOnTimeout (node:internal/timers:581:17)
2025-09-11T12:55:22:     at process.processTimers (node:internal/timers:519:7) {
2025-09-11T12:55:22:   code: 'ETIMEOUT',
2025-09-11T12:55:22:   _connId: '12459msihkbfncm8etxu'
2025-09-11T12:55:22: }
2025-09-11T13:00:28: Error: Socket timeout
2025-09-11T13:00:28:     at TLSSocket._socketTimeout (/app/node_modules/imapflow/lib/imap-flow.js:789:29)
2025-09-11T13:00:28:     at TLSSocket.emit (node:events:524:28)
2025-09-11T13:00:28:     at Socket._onTimeout (node:net:595:8)
2025-09-11T13:00:28:     at listOnTimeout (node:internal/timers:581:17)
2025-09-11T13:00:28:     at process.processTimers (node:internal/timers:519:7) {
2025-09-11T13:00:28:   code: 'ETIMEOUT',
2025-09-11T13:00:28:   _connId: '12u5l24of6pne5euon9p'
2025-09-11T13:00:28: }
2025-09-11T13:05:34: Error: Socket timeout
2025-09-11T13:05:34:     at TLSSocket._socketTimeout (/app/node_modules/imapflow/lib/imap-flow.js:789:29)
2025-09-11T13:05:34:     at TLSSocket.emit (node:events:524:28)
2025-09-11T13:05:34:     at Socket._onTimeout (node:net:595:8)
2025-09-11T13:05:34:     at listOnTimeout (node:internal/timers:581:17)
2025-09-11T13:05:34:     at process.processTimers (node:internal/timers:519:7) {
2025-09-11T13:05:34:   code: 'ETIMEOUT',
2025-09-11T13:05:34:   _connId: '15nht3qp626bbv29llr6'
2025-09-11T13:05:34: }
2025-09-11T13:10:40: Error: Socket timeout
2025-09-11T13:10:40:     at TLSSocket._socketTimeout (/app/node_modules/imapflow/lib/imap-flow.js:789:29)
2025-09-11T13:10:40:     at TLSSocket.emit (node:events:524:28)
2025-09-11T13:10:40:     at Socket._onTimeout (node:net:595:8)
2025-09-11T13:10:40:     at listOnTimeout (node:internal/timers:581:17)
2025-09-11T13:10:40:     at process.processTimers (node:internal/timers:519:7) {
2025-09-11T13:10:40:   code: 'ETIMEOUT',
2025-09-11T13:10:40:   _connId: 'l25biyvmpjjphgkrq34q'
2025-09-11T13:10:40: }
2025-09-11T13:15:46: Error: Socket timeout
2025-09-11T13:15:46:     at TLSSocket._socketTimeout (/app/node_modules/imapflow/lib/imap-flow.js:789:29)
2025-09-11T13:15:46:     at TLSSocket.emit (node:events:524:28)
2025-09-11T13:15:46:     at Socket._onTimeout (node:net:595:8)
2025-09-11T13:15:46:     at listOnTimeout (node:internal/timers:581:17)
2025-09-11T13:15:46:     at process.processTimers (node:internal/timers:519:7) {
2025-09-11T13:15:46:   code: 'ETIMEOUT',
2025-09-11T13:15:46:   _connId: '16065v2mjm9mca8r5uk5'
2025-09-11T13:15:46: }
2025-09-11T13:20:52: Error: Socket timeout
2025-09-11T13:20:52:     at TLSSocket._socketTimeout (/app/node_modules/imapflow/lib/imap-flow.js:789:29)
2025-09-11T13:20:52:     at TLSSocket.emit (node:events:524:28)
2025-09-11T13:20:52:     at Socket._onTimeout (node:net:595:8)
2025-09-11T13:20:52:     at listOnTimeout (node:internal/timers:581:17)
2025-09-11T13:20:52:     at process.processTimers (node:internal/timers:519:7) {
2025-09-11T13:20:52:   code: 'ETIMEOUT',
2025-09-11T13:20:52:   _connId: '177dfabgc9fjx1zftrei'
2025-09-11T13:20:52: }
2025-09-11T13:25:58: Error: Socket timeout
2025-09-11T13:25:58:     at TLSSocket._socketTimeout (/app/node_modules/imapflow/lib/imap-flow.js:789:29)
2025-09-11T13:25:58:     at TLSSocket.emit (node:events:524:28)
2025-09-11T13:25:58:     at Socket._onTimeout (node:net:595:8)
2025-09-11T13:25:58:     at listOnTimeout (node:internal/timers:581:17)
2025-09-11T13:25:58:     at process.processTimers (node:internal/timers:519:7) {
2025-09-11T13:25:58:   code: 'ETIMEOUT',
2025-09-11T13:25:58:   _connId: '1dy4h980rvcsz73zv0z1'
2025-09-11T13:25:58: }
2025-09-11T13:31:04: Error: Socket timeout
2025-09-11T13:31:04:     at TLSSocket._socketTimeout (/app/node_modules/imapflow/lib/imap-flow.js:789:29)
2025-09-11T13:31:04:     at TLSSocket.emit (node:events:524:28)
2025-09-11T13:31:04:     at Socket._onTimeout (node:net:595:8)
2025-09-11T13:31:04:     at listOnTimeout (node:internal/timers:581:17)
2025-09-11T13:31:04:     at process.processTimers (node:internal/timers:519:7) {
2025-09-11T13:31:04:   code: 'ETIMEOUT',
2025-09-11T13:31:04:   _connId: '7rkdt5medkn69tct4dsb'
2025-09-11T13:31:04: }
2025-09-11T13:32:01: [Helpdesk Worker] Erro ao processar email UID 3: Connection not available
2025-09-11T13:32:01: [Helpdesk Worker] Erro ao processar emails do departamento Suporte ti: Connection not available
2025-09-11T13:42:03: Error: Socket timeout
2025-09-11T13:42:03:     at TLSSocket._socketTimeout (/app/node_modules/imapflow/lib/imap-flow.js:789:29)
2025-09-11T13:42:03:     at TLSSocket.emit (node:events:524:28)
2025-09-11T13:42:03:     at Socket._onTimeout (node:net:595:8)
2025-09-11T13:42:03:     at listOnTimeout (node:internal/timers:581:17)
2025-09-11T13:42:03:     at process.processTimers (node:internal/timers:519:7) {
2025-09-11T13:42:03:   code: 'ETIMEOUT',
2025-09-11T13:42:03:   _connId: 'kio5uoudt05mnc2g8lw3'
2025-09-11T13:42:03: }
